  CAI.cpp
C:\Users\lamha\OneDrive\Desktop\AI\AI_8Puzzle\AI_8Puzzle\CAI.cpp(52,105): warning C4267: 'return': conversion from 'size_t' to 'int', possible loss of data
  CBoard.cpp
C:\Users\lamha\OneDrive\Desktop\AI\AI_8Puzzle\AI_8Puzzle\CBoard.cpp(124,48): warning C4267: 'initializing': conversion from 'size_t' to 'int', possible loss of data
  CCell.cpp
  CChar.cpp
  CDisplay.cpp
C:\Users\lamha\OneDrive\Desktop\AI\AI_8Puzzle\AI_8Puzzle\CDisplay.cpp(68,12): warning C4244: 'argument': conversion from 'time_t' to 'unsigned int', possible loss of data
  CNode.cpp
C:\Users\lamha\OneDrive\Desktop\AI\AI_8Puzzle\AI_8Puzzle\CNode.cpp(75,31): warning C4267: 'initializing': conversion from 'size_t' to 'int', possible loss of data
C:\Users\lamha\OneDrive\Desktop\AI\AI_8Puzzle\AI_8Puzzle\CNode.cpp(131,42): warning C4267: 'initializing': conversion from 'size_t' to 'int', possible loss of data
  console.cpp
  CPlayer.cpp
  CPoint.cpp
  Main.cpp
  RandExpectimax.cpp
C:\Users\lamha\OneDrive\Desktop\AI\AI_8Puzzle\AI_8Puzzle\RandExpectimax.cpp(17,14): warning C4244: 'return': conversion from 'int' to 'float', possible loss of data
C:\Users\lamha\OneDrive\Desktop\AI\AI_8Puzzle\AI_8Puzzle\RandExpectimax.cpp(35,4): warning C4244: 'return': conversion from 'double' to 'float', possible loss of data
C:\Users\lamha\OneDrive\Desktop\AI\AI_8Puzzle\AI_8Puzzle\RandExpectimax.cpp(54,12): warning C4244: 'argument': conversion from 'time_t' to 'unsigned int', possible loss of data
C:\Users\lamha\OneDrive\Desktop\AI\AI_8Puzzle\AI_8Puzzle\RandExpectimax.cpp(60,20): warning C4244: 'return': conversion from 'float' to 'int', possible loss of data
  Generating Code...
C:\Users\lamha\OneDrive\Desktop\AI\AI_8Puzzle\AI_8Puzzle\CAI.cpp(81): warning C4715: 'CAI1::aStarSearch': not all control paths return a value
  AI_8Puzzle.vcxproj -> C:\Users\lamha\OneDrive\Desktop\AI\AI_8Puzzle\x64\Debug\AI_8Puzzle.exe
