c:\users\lamha\source\repos\ai_8puzzle\ai_8puzzle\debug\vc142.pdb
c:\users\lamha\source\repos\ai_8puzzle\ai_8puzzle\debug\vc142.idb
c:\users\lamha\source\repos\ai_8puzzle\ai_8puzzle\debug\main.obj
c:\users\lamha\source\repos\ai_8puzzle\ai_8puzzle\debug\cpoint.obj
c:\users\lamha\source\repos\ai_8puzzle\ai_8puzzle\debug\cnode.obj
c:\users\lamha\source\repos\ai_8puzzle\ai_8puzzle\debug\console.obj
c:\users\lamha\source\repos\ai_8puzzle\ai_8puzzle\debug\cchar.obj
c:\users\lamha\source\repos\ai_8puzzle\ai_8puzzle\debug\ccell.obj
c:\users\lamha\source\repos\ai_8puzzle\ai_8puzzle\debug\cplayer.obj
c:\users\lamha\source\repos\ai_8puzzle\ai_8puzzle\debug\cboard.obj
c:\users\lamha\source\repos\ai_8puzzle\ai_8puzzle\debug\move.obj
c:\users\lamha\source\repos\ai_8puzzle\ai_8puzzle\debug\cai.obj
c:\users\lamha\source\repos\ai_8puzzle\ai_8puzzle\debug\randexpectimax.obj
c:\users\lamha\source\repos\ai_8puzzle\ai_8puzzle\debug\cdisplay.obj
c:\users\lamha\source\repos\ai_8puzzle\debug\ai_8puzzle.exe
c:\users\lamha\source\repos\ai_8puzzle\debug\ai_8puzzle.ilk
c:\users\lamha\source\repos\ai_8puzzle\debug\ai_8puzzle.pdb
c:\users\lamha\source\repos\ai_8puzzle\ai_8puzzle\debug\ai_8puzzle.tlog\cl.command.1.tlog
c:\users\lamha\source\repos\ai_8puzzle\ai_8puzzle\debug\ai_8puzzle.tlog\cl.read.1.tlog
c:\users\lamha\source\repos\ai_8puzzle\ai_8puzzle\debug\ai_8puzzle.tlog\cl.write.1.tlog
c:\users\lamha\source\repos\ai_8puzzle\ai_8puzzle\debug\ai_8puzzle.tlog\link.command.1.tlog
c:\users\lamha\source\repos\ai_8puzzle\ai_8puzzle\debug\ai_8puzzle.tlog\link.read.1.tlog
c:\users\lamha\source\repos\ai_8puzzle\ai_8puzzle\debug\ai_8puzzle.tlog\link.write.1.tlog
